<?xml version="1.0" encoding="UTF-8"?>
<!-- Generated by org.testng.reporters.JUnitReportReporter -->
<testsuite hostname="DESKTOP-KE59KSJ" failures="0" tests="1" name="com.inetbanking.testCases.TC_LoginTest_001" time="32.503" errors="0" timestamp="26 Jul 2022 20:16:30 GMT" skipped="0">
  <testcase classname="com.inetbanking.testCases.TC_LoginTest_001" name="loginTest" time="32.503"/>
</testsuite> <!-- com.inetbanking.testCases.TC_LoginTest_001 -->
