<?xml version="1.0" encoding="UTF-8"?>
<!-- Generated by org.testng.reporters.JUnitReportReporter -->
<testsuite hostname="DESKTOP-KE59KSJ" failures="0" tests="1" name="com.inetbanking.testCases.TC_LoginTest_001" time="45.430" errors="0" timestamp="29 Jul 2022 05:59:21 GMT" skipped="0">
  <testcase classname="com.inetbanking.testCases.TC_LoginTest_001" name="loginTest" time="45.430"/>
</testsuite> <!-- com.inetbanking.testCases.TC_LoginTest_001 -->
